2016/02/23 18:48:41 INFO  - jmeter.util.JMeterUtils: Setting Locale to en_US 
2016/02/23 18:48:41 INFO  - jmeter.protocol.http.sampler.HTTPSamplerBase: Cannot find .className property for htmlParser, using default 
2016/02/23 18:48:41 INFO  - jmeter.protocol.http.sampler.HTTPSamplerBase: Parser for text/html is  
2016/02/23 18:48:41 INFO  - jmeter.protocol.http.sampler.HTTPSamplerBase: Parser for application/xhtml+xml is  
2016/02/23 18:48:41 INFO  - jmeter.protocol.http.sampler.HTTPSamplerBase: Parser for application/xml is  
2016/02/23 18:48:41 INFO  - jmeter.protocol.http.sampler.HTTPSamplerBase: Parser for text/xml is  
2016/02/23 18:48:41 INFO  - jmeter.protocol.http.sampler.HTTPSamplerBase: Parser for text/vnd.wap.wml is org.apache.jmeter.protocol.http.parser.RegexpHTMLParser 
2016/02/23 18:48:41 INFO  - jmeter.protocol.http.sampler.HTTPJavaImpl: Maximum connection retries = 10 
2016/02/23 18:48:41 INFO  - jmeter.engine.StandardJMeterEngine: Running the test! 
2016/02/23 18:48:45 INFO  - jmeter.samplers.SampleEvent: List of sample_variables: [] 
2016/02/23 18:48:45 INFO  - jmeter.samplers.SampleEvent: List of sample_variables: [] 
2016/02/23 18:48:45 INFO  - jmeter.engine.util.CompoundVariable: Note: Function class names must contain the string: '.functions.' 
2016/02/23 18:48:45 INFO  - jmeter.engine.util.CompoundVariable: Note: Function class names must not contain the string: '.gui.' 
2016/02/23 18:48:45 WARN  - jmeter.engine.util.CompoundVariable: Did not find any functions 
2016/02/23 18:48:45 INFO  - jmeter.engine.StandardJMeterEngine: Starting ThreadGroup: 1 : WhateverThreadGroup 
2016/02/23 18:48:45 INFO  - jmeter.engine.StandardJMeterEngine: Starting 5 threads for group WhateverThreadGroup. 
2016/02/23 18:48:45 INFO  - jmeter.engine.StandardJMeterEngine: Thread will continue on error 
2016/02/23 18:48:45 INFO  - jmeter.threads.ThreadGroup: Starting thread group number 1 threads 5 ramp-up 1 perThread 200.0 delayedStart=false 
2016/02/23 18:48:45 INFO  - jmeter.threads.JMeterThread: jmeterthread.startearlier=true (see jmeter.properties) 
2016/02/23 18:48:45 INFO  - jmeter.threads.JMeterThread: Running PostProcessors in forward order 
2016/02/23 18:48:45 INFO  - jmeter.threads.ThreadGroup: Started thread group number 1 
2016/02/23 18:48:45 INFO  - jmeter.engine.StandardJMeterEngine: All thread groups have been started 
2016/02/23 18:48:45 INFO  - jmeter.threads.JMeterThread: Thread started: WhateverThreadGroup 1-1 
2016/02/23 18:48:45 INFO  - jmeter.threads.JMeterThread: Thread is done: WhateverThreadGroup 1-1 
2016/02/23 18:48:45 INFO  - jmeter.threads.JMeterThread: Thread finished: WhateverThreadGroup 1-1 
2016/02/23 18:48:46 INFO  - jmeter.threads.JMeterThread: Thread started: WhateverThreadGroup 1-2 
2016/02/23 18:48:46 INFO  - jmeter.threads.JMeterThread: Thread is done: WhateverThreadGroup 1-2 
2016/02/23 18:48:46 INFO  - jmeter.threads.JMeterThread: Thread finished: WhateverThreadGroup 1-2 
2016/02/23 18:48:46 INFO  - jmeter.threads.JMeterThread: Thread started: WhateverThreadGroup 1-3 
2016/02/23 18:48:46 INFO  - jmeter.threads.JMeterThread: Thread is done: WhateverThreadGroup 1-3 
2016/02/23 18:48:46 INFO  - jmeter.threads.JMeterThread: Thread finished: WhateverThreadGroup 1-3 
2016/02/23 18:48:46 INFO  - jmeter.threads.JMeterThread: Thread started: WhateverThreadGroup 1-4 
2016/02/23 18:48:46 INFO  - jmeter.threads.JMeterThread: Thread is done: WhateverThreadGroup 1-4 
2016/02/23 18:48:46 INFO  - jmeter.threads.JMeterThread: Thread finished: WhateverThreadGroup 1-4 
2016/02/23 18:48:46 INFO  - jmeter.threads.JMeterThread: Thread started: WhateverThreadGroup 1-5 
2016/02/23 18:48:46 INFO  - jmeter.threads.JMeterThread: Thread is done: WhateverThreadGroup 1-5 
2016/02/23 18:48:46 INFO  - jmeter.threads.JMeterThread: Thread finished: WhateverThreadGroup 1-5 
2016/02/23 18:48:46 INFO  - jmeter.engine.StandardJMeterEngine: Notifying test listeners of end of test 
2016/02/23 18:48:46 INFO  - jmeter.services.FileServer: Default base='C:\Users\austenjt\IdeaProjects\java-jmeter' 
